

============================== 2023-04-25 12:13:14.691823 | 9e87bf47-9ffc-46f5-ac49-fa50a802867a ==============================
[0m12:13:14.691823 [info ] [MainThread]: Running with dbt=1.4.6
[0m12:13:14.694814 [debug] [MainThread]: running dbt with arguments {'write_json': True, 'use_colors': True, 'printer_width': 80, 'version_check': True, 'partial_parse': True, 'static_parser': True, 'profiles_dir': 'C:\\Users\\ernan\\.dbt', 'send_anonymous_usage_stats': True, 'quiet': False, 'no_print': False, 'cache_selected_only': False, 'config_dir': False, 'which': 'debug', 'indirect_selection': 'eager'}
[0m12:13:14.694814 [debug] [MainThread]: Tracking: tracking
[0m12:13:14.755703 [debug] [MainThread]: Sending event: {'category': 'dbt', 'action': 'invocation', 'label': 'start', 'context': [<snowplow_tracker.self_describing_json.SelfDescribingJson object at 0x000001EF2C804DC0>, <snowplow_tracker.self_describing_json.SelfDescribingJson object at 0x000001EF2810BB50>, <snowplow_tracker.self_describing_json.SelfDescribingJson object at 0x000001EF2C804EE0>]}
[0m12:13:14.759692 [debug] [MainThread]: Executing "git --help"
[0m12:13:14.840712 [debug] [MainThread]: STDOUT: "b"usage: git [--version] [--help] [-C <path>] [-c <name>=<value>]\n           [--exec-path[=<path>]] [--html-path] [--man-path] [--info-path]\n           [-p | --paginate | -P | --no-pager] [--no-replace-objects] [--bare]\n           [--git-dir=<path>] [--work-tree=<path>] [--namespace=<name>]\n           [--super-prefix=<path>] [--config-env=<name>=<envvar>]\n           <command> [<args>]\n\nThese are common Git commands used in various situations:\n\nstart a working area (see also: git help tutorial)\n   clone     Clone a repository into a new directory\n   init      Create an empty Git repository or reinitialize an existing one\n\nwork on the current change (see also: git help everyday)\n   add       Add file contents to the index\n   mv        Move or rename a file, a directory, or a symlink\n   restore   Restore working tree files\n   rm        Remove files from the working tree and from the index\n\nexamine the history and state (see also: git help revisions)\n   bisect    Use binary search to find the commit that introduced a bug\n   diff      Show changes between commits, commit and working tree, etc\n   grep      Print lines matching a pattern\n   log       Show commit logs\n   show      Show various types of objects\n   status    Show the working tree status\n\ngrow, mark and tweak your common history\n   branch    List, create, or delete branches\n   commit    Record changes to the repository\n   merge     Join two or more development histories together\n   rebase    Reapply commits on top of another base tip\n   reset     Reset current HEAD to the specified state\n   switch    Switch branches\n   tag       Create, list, delete or verify a tag object signed with GPG\n\ncollaborate (see also: git help workflows)\n   fetch     Download objects and refs from another repository\n   pull      Fetch from and integrate with another repository or a local branch\n   push      Update remote refs along with associated objects\n\n'git help -a' and 'git help -g' list available subcommands and some\nconcept guides. See 'git help <command>' or 'git help <concept>'\nto read about a specific subcommand or concept.\nSee 'git help git' for an overview of the system.\n""
[0m12:13:14.840712 [debug] [MainThread]: STDERR: "b''"
[0m12:13:14.844171 [debug] [MainThread]: Sending event: {'category': 'dbt', 'action': 'invocation', 'label': 'end', 'context': [<snowplow_tracker.self_describing_json.SelfDescribingJson object at 0x000001EF2810BB50>, <snowplow_tracker.self_describing_json.SelfDescribingJson object at 0x000001EF2C804D90>, <snowplow_tracker.self_describing_json.SelfDescribingJson object at 0x000001EF2C804EE0>]}
[0m12:13:14.844171 [debug] [MainThread]: Flushing usage events


============================== 2023-04-25 12:19:34.548786 | e78477b4-3d51-4a15-9e89-3a1d1022455f ==============================
[0m12:19:34.548786 [info ] [MainThread]: Running with dbt=1.4.6
[0m12:19:34.548786 [debug] [MainThread]: running dbt with arguments {'write_json': True, 'use_colors': True, 'printer_width': 80, 'version_check': True, 'partial_parse': True, 'static_parser': True, 'profiles_dir': 'C:\\Users\\ernan\\.dbt', 'send_anonymous_usage_stats': True, 'quiet': False, 'no_print': False, 'cache_selected_only': False, 'config_dir': False, 'which': 'debug', 'indirect_selection': 'eager'}
[0m12:19:34.552814 [debug] [MainThread]: Tracking: tracking
[0m12:19:34.597396 [debug] [MainThread]: Sending event: {'category': 'dbt', 'action': 'invocation', 'label': 'start', 'context': [<snowplow_tracker.self_describing_json.SelfDescribingJson object at 0x000002A0EB08BC40>, <snowplow_tracker.self_describing_json.SelfDescribingJson object at 0x000002A0EF783D60>, <snowplow_tracker.self_describing_json.SelfDescribingJson object at 0x000002A0EF783F70>]}
[0m12:19:34.601399 [debug] [MainThread]: Executing "git --help"
[0m12:19:34.657396 [debug] [MainThread]: STDOUT: "b"usage: git [--version] [--help] [-C <path>] [-c <name>=<value>]\n           [--exec-path[=<path>]] [--html-path] [--man-path] [--info-path]\n           [-p | --paginate | -P | --no-pager] [--no-replace-objects] [--bare]\n           [--git-dir=<path>] [--work-tree=<path>] [--namespace=<name>]\n           [--super-prefix=<path>] [--config-env=<name>=<envvar>]\n           <command> [<args>]\n\nThese are common Git commands used in various situations:\n\nstart a working area (see also: git help tutorial)\n   clone     Clone a repository into a new directory\n   init      Create an empty Git repository or reinitialize an existing one\n\nwork on the current change (see also: git help everyday)\n   add       Add file contents to the index\n   mv        Move or rename a file, a directory, or a symlink\n   restore   Restore working tree files\n   rm        Remove files from the working tree and from the index\n\nexamine the history and state (see also: git help revisions)\n   bisect    Use binary search to find the commit that introduced a bug\n   diff      Show changes between commits, commit and working tree, etc\n   grep      Print lines matching a pattern\n   log       Show commit logs\n   show      Show various types of objects\n   status    Show the working tree status\n\ngrow, mark and tweak your common history\n   branch    List, create, or delete branches\n   commit    Record changes to the repository\n   merge     Join two or more development histories together\n   rebase    Reapply commits on top of another base tip\n   reset     Reset current HEAD to the specified state\n   switch    Switch branches\n   tag       Create, list, delete or verify a tag object signed with GPG\n\ncollaborate (see also: git help workflows)\n   fetch     Download objects and refs from another repository\n   pull      Fetch from and integrate with another repository or a local branch\n   push      Update remote refs along with associated objects\n\n'git help -a' and 'git help -g' list available subcommands and some\nconcept guides. See 'git help <command>' or 'git help <concept>'\nto read about a specific subcommand or concept.\nSee 'git help git' for an overview of the system.\n""
[0m12:19:34.657396 [debug] [MainThread]: STDERR: "b''"
[0m12:19:34.661397 [debug] [MainThread]: Sending event: {'category': 'dbt', 'action': 'invocation', 'label': 'end', 'context': [<snowplow_tracker.self_describing_json.SelfDescribingJson object at 0x000002A0EB08BC40>, <snowplow_tracker.self_describing_json.SelfDescribingJson object at 0x000002A0EF783F70>, <snowplow_tracker.self_describing_json.SelfDescribingJson object at 0x000002A0EF79E130>]}
[0m12:19:34.661397 [debug] [MainThread]: Flushing usage events


============================== 2023-04-25 12:20:07.895740 | 92681171-7c90-4c92-b936-b46cf4a0487d ==============================
[0m12:20:07.895740 [info ] [MainThread]: Running with dbt=1.4.6
[0m12:20:07.895740 [debug] [MainThread]: running dbt with arguments {'write_json': True, 'use_colors': True, 'printer_width': 80, 'version_check': True, 'partial_parse': True, 'static_parser': True, 'profiles_dir': 'C:\\Users\\ernan\\.dbt', 'send_anonymous_usage_stats': True, 'quiet': False, 'no_print': False, 'cache_selected_only': False, 'project_name': 'dbt_projet', 'skip_profile_setup': False, 'which': 'init', 'indirect_selection': 'eager'}
[0m12:20:07.899745 [debug] [MainThread]: Tracking: tracking
[0m12:20:07.943743 [debug] [MainThread]: Sending event: {'category': 'dbt', 'action': 'invocation', 'label': 'start', 'context': [<snowplow_tracker.self_describing_json.SelfDescribingJson object at 0x000002188983BB50>, <snowplow_tracker.self_describing_json.SelfDescribingJson object at 0x000002188DF03DC0>, <snowplow_tracker.self_describing_json.SelfDescribingJson object at 0x000002188DF03E50>]}
[0m12:20:07.947745 [info ] [MainThread]: Creating dbt configuration folder at C:\Users\ernan\.dbt
[0m12:20:07.951743 [debug] [MainThread]: Starter project path: C:\Users\ernan\OneDrive\Bureau\CoursESI4E\BIG DATA\dbt-env\lib\site-packages\dbt\include\starter_project
[0m12:23:58.294513 [info ] [MainThread]: Profile dbt_projet written to C:\Users\ernan\.dbt\profiles.yml using target's profile_template.yml and your supplied values. Run 'dbt debug' to validate the connection.
[0m12:23:58.298512 [info ] [MainThread]: 
Your new dbt project "dbt_projet" was created!

For more information on how to configure the profiles.yml file,
please consult the dbt documentation here:

  https://docs.getdbt.com/docs/configure-your-profile

One more thing:

Need help? Don't hesitate to reach out to us via GitHub issues or on Slack:

  https://community.getdbt.com/

Happy modeling!

[0m12:23:58.302527 [debug] [MainThread]: Sending event: {'category': 'dbt', 'action': 'invocation', 'label': 'end', 'context': [<snowplow_tracker.self_describing_json.SelfDescribingJson object at 0x000002188983BB50>, <snowplow_tracker.self_describing_json.SelfDescribingJson object at 0x000002188DF1E160>, <snowplow_tracker.self_describing_json.SelfDescribingJson object at 0x000002188DF1E760>]}
[0m12:23:58.302527 [debug] [MainThread]: Flushing usage events
